<?xml version="1.0" encoding="UTF-8"?>
<!-- Generated by org.testng.reporters.JUnitReportReporter -->
<testsuite name="automation.NewTest" tests="1" time="50.636" ignored="0" failures="0" timestamp="10 Apr 2017 08:52:00 GMT" skipped="0" hostname="D-441002754" errors="0">
  <testcase name="Tc_001" time="50.636" classname="automation.NewTest"/>
</testsuite> <!-- automation.NewTest -->
